2022/02/06 00:52:20
CrySPY 0.10.2
Start cryspy.py

# ---------- Read cryspy.in (at 1st run)
# ------ basic section
algo = RS
calc_code = soiap
tot_struc = 5
nstage = 1
njob = 2
jobcmd = zsh
jobfile = job_cryspy
# ------ structure section
struc_mode = crystal
natot = 8
atype = Si
nat = 8
mol_file = None
nmol = None
timeout_mol = 120.0
rot_mol = None
nrot = None
vol_factor = 1.0 1.0
vol_mu = None
vol_sigma = None
mindist = None
maxcnt = 50
symprec = 0.01
spgnum = all
use_find_wy = False
minlen = None
maxlen = None
dangle = None
# ------ soiap section
soiap_infile = soiap.in
soiap_outfile = soiap.out
soiap_cif = initial.cif
# ------ option section
stop_chkpt = 0
load_struc_flag = False
stop_next_struc = False
recalc = 
append_struc_ea = False
energy_step_flag = False
struc_step_flag = False
force_step_flag = False
stress_step_flag = False


# ---------- Generate initial structures
Generated structures up to ID 4

Done! ID      0: E = -2.1527895785900966 eV/atom
Done! ID      1: E = -1.49727044044505 eV/atom
Done! ID      2: E = -2.8851326316499675 eV/atom
Done! ID      3: E = -1.2615691461844951 eV/atom
Done! ID      4: E = 10.175322685209098 eV/atom

Done all structures!

Done all structures!
