 soiap version 0.3.0

 input=soiap.in
 unit vectors [Bohr]
u1 =    13.0222241659523803     0.0000000000000000     0.0000000000000000
u2 =     6.5111120829761919    11.2775769414903841     0.0000000000000000
u3 =     6.5111120829761919     3.7591923138301286    10.6326015075745275
 QMD%omega =   1561.4946599986195     
 number of atoms =           8
 number of elements =           1
 atom_list: lattice coordinate
  14     0.5418170000000000     0.5418170000000000     0.9581830000000000   1
  14     0.9581830000000000     0.5418170000000000     0.9581830000000000   1
  14     0.9581830000000000     0.9581830000000000     0.5418170000000000   1
  14     0.5418170000000000     0.9581830000000000     0.5418170000000000   1
  14     0.5418170000000000     0.9581830000000000     0.9581830000000000   1
  14     0.9581830000000000     0.5418170000000000     0.5418170000000000   1
  14     0.0000000000000000     0.0000000000000000     0.0000000000000000   1
  14     0.2500000000000000     0.2500000000000000     0.2500000000000000   1
 atom_list: Cartesian coordinate [Bohr]
  14    16.8223305553881097     9.7123770745501901    10.1879780103322837   1
  14    22.2443419424690383     9.7123770745501901    10.1879780103322837   1
  14    22.2443419424690383    12.8427768084305782     5.7609242510295076   1
  14    16.8223305553881097    12.8427768084305782     5.7609242510295076   1
  14    19.5333362489285740    14.4079766753707741    10.1879780103322837   1
  14    19.5333362489285740     8.1471772076099942     5.7609242510295076   1
  14     0.0000000000000000     0.0000000000000000     0.0000000000000000   1
  14     6.5111120829761902     3.7591923138301282     2.6581503768936319   1
 symmetry on
 md_mode =           4
 number_max_relax =           1
 md_mode_cell =           3
 number_max_relax_cell =         100
external_stress_v    0.000000    0.000000    0.000000
 time_step (input) =   1.0000000000000000     
 time_step [a.u.] =   41.341374176780803     
 th_force =   5.0000000000000002E-005
 th_stress =   4.9999999999999998E-007
 max_displacement [Bohr] =  0.10000000000000001     
 mass_cell =   5.0000000000000001E-004
 force_field =           1
 QMD%loopc,QMD%loopa=           1           1  out of          100           1
show_time: tote_frc_strs:     0.000 sec
 QMD%omega =   1521.1152304104537     
 QMD%loopc,QMD%loopa=           2           1  out of          100           1
show_time: tote_frc_strs:     0.001 sec
 QMD%omega =   1478.0992332414103     
 QMD%loopc,QMD%loopa=           3           1  out of          100           1
show_time: tote_frc_strs:     0.000 sec
 QMD%omega =   1521.1122581483412     
 QMD%loopc,QMD%loopa=           4           1  out of          100           1
show_time: tote_frc_strs:     0.001 sec
 QMD%omega =   1564.8588956374135     
 QMD%loopc,QMD%loopa=           5           1  out of          100           1
show_time: tote_frc_strs:     0.000 sec
 QMD%omega =   1602.2294599222412     
 QMD%loopc,QMD%loopa=           6           1  out of          100           1
show_time: tote_frc_strs:     0.001 sec
 QMD%omega =   1638.0276757298054     
 QMD%loopc,QMD%loopa=           7           1  out of          100           1
show_time: tote_frc_strs:     0.000 sec
 QMD%omega =   1683.9273960119388     
 QMD%loopc,QMD%loopa=           8           1  out of          100           1
show_time: tote_frc_strs:     0.001 sec
 QMD%omega =   1645.8948135748956     
 QMD%loopc,QMD%loopa=           9           1  out of          100           1
show_time: tote_frc_strs:     0.000 sec
 QMD%omega =   1608.1371425566322     
 QMD%loopc,QMD%loopa=          10           1  out of          100           1
show_time: tote_frc_strs:     0.001 sec
 QMD%omega =   1571.8771900914230     
 QMD%loopc,QMD%loopa=          11           1  out of          100           1
show_time: tote_frc_strs:     0.000 sec
 QMD%omega =   1608.6413880191499     
 QMD%loopc,QMD%loopa=          12           1  out of          100           1
show_time: tote_frc_strs:     0.001 sec
 QMD%omega =   1590.2035675409625     
 QMD%loopc,QMD%loopa=          13           1  out of          100           1
show_time: tote_frc_strs:     0.000 sec
 QMD%omega =   1613.8244780265770     
 QMD%loopc,QMD%loopa=          14           1  out of          100           1
show_time: tote_frc_strs:     0.001 sec
 QMD%omega =   1569.2218107813310     
 QMD%loopc,QMD%loopa=          15           1  out of          100           1
show_time: tote_frc_strs:     0.000 sec
 QMD%omega =   1608.4160092137049     
 QMD%loopc,QMD%loopa=          16           1  out of          100           1
show_time: tote_frc_strs:     0.001 sec
 QMD%omega =   1645.4440505343048     
 QMD%loopc,QMD%loopa=          17           1  out of          100           1
show_time: tote_frc_strs:     0.000 sec
 QMD%omega =   1682.7112671248635     
 QMD%loopc,QMD%loopa=          18           1  out of          100           1
show_time: tote_frc_strs:     0.001 sec
 QMD%omega =   1645.4038448758504     
 QMD%loopc,QMD%loopa=          19           1  out of          100           1
show_time: tote_frc_strs:     0.000 sec
 QMD%omega =   1610.6325080047798     
 QMD%loopc,QMD%loopa=          20           1  out of          100           1
show_time: tote_frc_strs:     0.001 sec
 QMD%omega =   1648.9145831103442     
 QMD%loopc,QMD%loopa=          21           1  out of          100           1
show_time: tote_frc_strs:     0.000 sec
 QMD%omega =   1690.7652794119256     
 QMD%loopc,QMD%loopa=          22           1  out of          100           1
show_time: tote_frc_strs:     0.001 sec
 QMD%omega =   1652.8498802271833     
 QMD%loopc,QMD%loopa=          23           1  out of          100           1
show_time: tote_frc_strs:     0.000 sec
 QMD%omega =   1635.8685552976185     
 QMD%loopc,QMD%loopa=          24           1  out of          100           1
show_time: tote_frc_strs:     0.001 sec
 QMD%omega =   1598.7619061842538     
 QMD%loopc,QMD%loopa=          25           1  out of          100           1
show_time: tote_frc_strs:     0.000 sec
 QMD%omega =   1635.0592831505085     
 QMD%loopc,QMD%loopa=          26           1  out of          100           1
show_time: tote_frc_strs:     0.001 sec
 QMD%omega =   1671.9303784690487     
 QMD%loopc,QMD%loopa=          27           1  out of          100           1
show_time: tote_frc_strs:     0.000 sec
 QMD%omega =   1710.7453472270886     
 QMD%loopc,QMD%loopa=          28           1  out of          100           1
show_time: tote_frc_strs:     0.000 sec
 QMD%omega =   1672.6852284293543     
 QMD%loopc,QMD%loopa=          29           1  out of          100           1
show_time: tote_frc_strs:     0.000 sec
 QMD%omega =   1633.3116170337025     
 QMD%loopc,QMD%loopa=          30           1  out of          100           1
show_time: tote_frc_strs:     0.000 sec
 QMD%omega =   1596.3439208566251     
 QMD%loopc,QMD%loopa=          31           1  out of          100           1
show_time: tote_frc_strs:     0.000 sec
 QMD%omega =   1634.3432448710869     
 QMD%loopc,QMD%loopa=          32           1  out of          100           1
show_time: tote_frc_strs:     0.000 sec
 QMD%omega =   1671.9507541285916     
 QMD%loopc,QMD%loopa=          33           1  out of          100           1
show_time: tote_frc_strs:     0.001 sec
 QMD%omega =   1630.3382558293708     
 QMD%loopc,QMD%loopa=          34           1  out of          100           1
show_time: tote_frc_strs:     0.000 sec
 QMD%omega =   1589.8745935327875     
 QMD%loopc,QMD%loopa=          35           1  out of          100           1
show_time: tote_frc_strs:     0.001 sec
 QMD%omega =   1622.5265320873261     
 QMD%loopc,QMD%loopa=          36           1  out of          100           1
show_time: tote_frc_strs:     0.000 sec
 QMD%omega =   1656.1461805594279     
 QMD%loopc,QMD%loopa=          37           1  out of          100           1
show_time: tote_frc_strs:     0.001 sec
 QMD%omega =   1694.8440832823292     
 QMD%loopc,QMD%loopa=          38           1  out of          100           1
show_time: tote_frc_strs:     0.000 sec
 QMD%omega =   1735.0344660113467     
 QMD%loopc,QMD%loopa=          39           1  out of          100           1
show_time: tote_frc_strs:     0.001 sec
 QMD%omega =   1705.8749771202974     
 QMD%loopc,QMD%loopa=          40           1  out of          100           1
show_time: tote_frc_strs:     0.000 sec
 QMD%omega =   1718.9850963078552     
 QMD%loopc,QMD%loopa=          41           1  out of          100           1
show_time: tote_frc_strs:     0.000 sec
 QMD%omega =   1748.2476961600555     
 QMD%loopc,QMD%loopa=          42           1  out of          100           1
show_time: tote_frc_strs:     0.001 sec
 QMD%omega =   1779.8847502929611     
 QMD%loopc,QMD%loopa=          43           1  out of          100           1
show_time: tote_frc_strs:     0.000 sec
 QMD%omega =   1808.1396769326541     
 QMD%loopc,QMD%loopa=          44           1  out of          100           1
show_time: tote_frc_strs:     0.001 sec
 QMD%omega =   1852.4405411424698     
 QMD%loopc,QMD%loopa=          45           1  out of          100           1
show_time: tote_frc_strs:     0.000 sec
 QMD%omega =   1826.0476928529097     
 QMD%loopc,QMD%loopa=          46           1  out of          100           1
show_time: tote_frc_strs:     0.001 sec
 QMD%omega =   1824.1187954149027     
 QMD%loopc,QMD%loopa=          47           1  out of          100           1
show_time: tote_frc_strs:     0.000 sec
 QMD%omega =   1818.7493896482695     
 QMD%loopc,QMD%loopa=          48           1  out of          100           1
show_time: tote_frc_strs:     0.000 sec
 QMD%omega =   1807.3659507441018     
 QMD%loopc,QMD%loopa=          49           1  out of          100           1
show_time: tote_frc_strs:     0.001 sec
 QMD%omega =   1799.3269724557661     
 QMD%loopc,QMD%loopa=          50           1  out of          100           1
show_time: tote_frc_strs:     0.000 sec
 QMD%omega =   1786.4997719757828     
 QMD%loopc,QMD%loopa=          51           1  out of          100           1
show_time: tote_frc_strs:     0.001 sec
 QMD%omega =   1786.6126086320944     
 QMD%loopc,QMD%loopa=          52           1  out of          100           1
show_time: tote_frc_strs:     0.000 sec
 QMD%omega =   1786.1694426717479     
 QMD%loopc,QMD%loopa=          53           1  out of          100           1
show_time: tote_frc_strs:     0.001 sec
 QMD%omega =   1812.9289096799107     
 QMD%loopc,QMD%loopa=          54           1  out of          100           1
show_time: tote_frc_strs:     0.000 sec
 QMD%omega =   1830.5339930015903     
 QMD%loopc,QMD%loopa=          55           1  out of          100           1
show_time: tote_frc_strs:     0.000 sec
 QMD%omega =   1837.4762993620216     
 QMD%loopc,QMD%loopa=          56           1  out of          100           1
show_time: tote_frc_strs:     0.001 sec
 QMD%omega =   1845.4862152355877     
 QMD%loopc,QMD%loopa=          57           1  out of          100           1
show_time: tote_frc_strs:     0.000 sec
 QMD%omega =   1846.9499671222070     
 QMD%loopc,QMD%loopa=          58           1  out of          100           1
show_time: tote_frc_strs:     0.001 sec
 QMD%omega =   1859.4588241174781     
 QMD%loopc,QMD%loopa=          59           1  out of          100           1
show_time: tote_frc_strs:     0.000 sec
 QMD%omega =   1864.0434477282445     
 QMD%loopc,QMD%loopa=          60           1  out of          100           1
show_time: tote_frc_strs:     0.000 sec
 QMD%omega =   1859.5273018592313     
 QMD%loopc,QMD%loopa=          61           1  out of          100           1
show_time: tote_frc_strs:     0.000 sec
 QMD%omega =   1848.7231551936043     
 QMD%loopc,QMD%loopa=          62           1  out of          100           1
show_time: tote_frc_strs:     0.000 sec
 QMD%omega =   1844.1000505059237     
 QMD%loopc,QMD%loopa=          63           1  out of          100           1
show_time: tote_frc_strs:     0.001 sec
 QMD%omega =   1836.6980406879616     
 QMD%loopc,QMD%loopa=          64           1  out of          100           1
show_time: tote_frc_strs:     0.000 sec
 QMD%omega =   1828.6255859554585     
 QMD%loopc,QMD%loopa=          65           1  out of          100           1
show_time: tote_frc_strs:     0.001 sec
 QMD%omega =   1810.0462397611586     
 QMD%loopc,QMD%loopa=          66           1  out of          100           1
show_time: tote_frc_strs:     0.000 sec
 QMD%omega =   1814.2602072730688     
 QMD%loopc,QMD%loopa=          67           1  out of          100           1
show_time: tote_frc_strs:     0.000 sec
 QMD%omega =   1802.8048493993920     
 QMD%loopc,QMD%loopa=          68           1  out of          100           1
show_time: tote_frc_strs:     0.001 sec
 QMD%omega =   1794.9404400582398     
 QMD%loopc,QMD%loopa=          69           1  out of          100           1
show_time: tote_frc_strs:     0.000 sec
 QMD%omega =   1810.4791273844241     
 QMD%loopc,QMD%loopa=          70           1  out of          100           1
show_time: tote_frc_strs:     0.001 sec
 QMD%omega =   1818.3213898139661     
 QMD%loopc,QMD%loopa=          71           1  out of          100           1
show_time: tote_frc_strs:     0.000 sec
 QMD%omega =   1820.7386077332158     
 QMD%loopc,QMD%loopa=          72           1  out of          100           1
show_time: tote_frc_strs:     0.001 sec
 QMD%omega =   1775.8016153383680     
 QMD%loopc,QMD%loopa=          73           1  out of          100           1
show_time: tote_frc_strs:     0.000 sec
 QMD%omega =   1770.9371313895927     
 QMD%loopc,QMD%loopa=          74           1  out of          100           1
show_time: tote_frc_strs:     0.000 sec
 QMD%omega =   1769.4555692038821     
 QMD%loopc,QMD%loopa=          75           1  out of          100           1
show_time: tote_frc_strs:     0.001 sec
 QMD%omega =   1775.4299856730645     
 QMD%loopc,QMD%loopa=          76           1  out of          100           1
show_time: tote_frc_strs:     0.000 sec
 QMD%omega =   1798.4843772492015     
 QMD%loopc,QMD%loopa=          77           1  out of          100           1
show_time: tote_frc_strs:     0.001 sec
 QMD%omega =   1795.0446076008573     
 QMD%loopc,QMD%loopa=          78           1  out of          100           1
show_time: tote_frc_strs:     0.000 sec
 QMD%omega =   1779.9994136602579     
 QMD%loopc,QMD%loopa=          79           1  out of          100           1
show_time: tote_frc_strs:     0.001 sec
 QMD%omega =   1774.9878979932489     
 QMD%loopc,QMD%loopa=          80           1  out of          100           1
show_time: tote_frc_strs:     0.000 sec
 QMD%omega =   1770.2215912365914     
 QMD%loopc,QMD%loopa=          81           1  out of          100           1
show_time: tote_frc_strs:     0.000 sec
 QMD%omega =   1762.2550493996271     
 QMD%loopc,QMD%loopa=          82           1  out of          100           1
show_time: tote_frc_strs:     0.001 sec
 QMD%omega =   1750.1171194925603     
 QMD%loopc,QMD%loopa=          83           1  out of          100           1
show_time: tote_frc_strs:     0.000 sec
 QMD%omega =   1723.5990234241178     
 QMD%loopc,QMD%loopa=          84           1  out of          100           1
show_time: tote_frc_strs:     0.001 sec
 QMD%omega =   1699.5703925303449     
 QMD%loopc,QMD%loopa=          85           1  out of          100           1
show_time: tote_frc_strs:     0.000 sec
 QMD%omega =   1685.2214796334517     
 QMD%loopc,QMD%loopa=          86           1  out of          100           1
show_time: tote_frc_strs:     0.000 sec
 QMD%omega =   1660.7523241440933     
 QMD%loopc,QMD%loopa=          87           1  out of          100           1
show_time: tote_frc_strs:     0.000 sec
 QMD%omega =   1648.5190516307016     
 QMD%loopc,QMD%loopa=          88           1  out of          100           1
show_time: tote_frc_strs:     0.000 sec
 QMD%omega =   1636.1357189875819     
 QMD%loopc,QMD%loopa=          89           1  out of          100           1
show_time: tote_frc_strs:     0.001 sec
 QMD%omega =   1609.1872410222340     
 QMD%loopc,QMD%loopa=          90           1  out of          100           1
show_time: tote_frc_strs:     0.000 sec
 QMD%omega =   1604.9439944005301     
 QMD%loopc,QMD%loopa=          91           1  out of          100           1
show_time: tote_frc_strs:     0.001 sec
 QMD%omega =   1629.2822925225105     
 QMD%loopc,QMD%loopa=          92           1  out of          100           1
show_time: tote_frc_strs:     0.000 sec
 QMD%omega =   1656.6245953586754     
 QMD%loopc,QMD%loopa=          93           1  out of          100           1
show_time: tote_frc_strs:     0.000 sec
 QMD%omega =   1676.4329377297818     
 QMD%loopc,QMD%loopa=          94           1  out of          100           1
show_time: tote_frc_strs:     0.001 sec
 QMD%omega =   1674.2885978006923     
 QMD%loopc,QMD%loopa=          95           1  out of          100           1
show_time: tote_frc_strs:     0.000 sec
 QMD%omega =   1661.7320144139658     
 QMD%loopc,QMD%loopa=          96           1  out of          100           1
show_time: tote_frc_strs:     0.001 sec
 QMD%omega =   1664.7879167358562     
 QMD%loopc,QMD%loopa=          97           1  out of          100           1
show_time: tote_frc_strs:     0.000 sec
 QMD%omega =   1657.6609858588245     
 QMD%loopc,QMD%loopa=          98           1  out of          100           1
show_time: tote_frc_strs:     0.000 sec
 QMD%omega =   1651.3282698255859     
 QMD%loopc,QMD%loopa=          99           1  out of          100           1
show_time: tote_frc_strs:     0.001 sec
 QMD%omega =   1642.7670250247220     
 QMD%loopc,QMD%loopa=         100           1  out of          100           1
show_time: tote_frc_strs:     0.000 sec
 *** QMD%loopc =         100
tote,fmax,tote/natom,omega,omega/natom=       -0.6329084628        0.0299039929       -0.0791135578      243.4330101956       30.4291262745
 !!!! normally end !!!!
